
  .   ____          _            __ _ _
 /\\ / ___'_ __ _ _(_)_ __  __ _ \ \ \ \
( ( )\___ | '_ | '_| | '_ \/ _` | \ \ \ \
 \\/  ___)| |_)| | | | | || (_| |  ) ) ) )
  '  |____| .__|_| |_|_| |_\__, | / / / /
 =========|_|==============|___/=/_/_/_/

 :: Spring Boot ::                (v4.0.6)

2026-07-23T13:45:57.871+07:00  INFO 328569 --- [           main] c.a.AttendenceSystemApplication          : Starting AttendenceSystemApplication v0.0.1-SNAPSHOT using Java 21.0.11 with PID 328569 (/home/quang/git4hub/Attendance/target/attendenceSystem-0.0.1-SNAPSHOT.jar started by quang in /home/quang/git4hub/Attendance)
2026-07-23T13:45:57.877+07:00  INFO 328569 --- [           main] c.a.AttendenceSystemApplication          : No active profile set, falling back to 1 default profile: "default"
2026-07-23T13:45:59.008+07:00  INFO 328569 --- [           main] .s.d.r.c.RepositoryConfigurationDelegate : Bootstrapping Spring Data JPA repositories in DEFAULT mode.
2026-07-23T13:45:59.099+07:00  INFO 328569 --- [           main] .s.d.r.c.RepositoryConfigurationDelegate : Finished Spring Data repository scanning in 82 ms. Found 12 JPA repository interfaces.
2026-07-23T13:46:00.129+07:00  INFO 328569 --- [           main] o.s.boot.tomcat.TomcatWebServer          : Tomcat initialized with port 8080 (http)
2026-07-23T13:46:00.155+07:00  INFO 328569 --- [           main] o.apache.catalina.core.StandardService   : Starting service [Tomcat]
2026-07-23T13:46:00.156+07:00  INFO 328569 --- [           main] o.apache.catalina.core.StandardEngine    : Starting Servlet engine: [Apache Tomcat/11.0.21]
2026-07-23T13:46:01.124+07:00  INFO 328569 --- [           main] org.apache.jasper.servlet.TldScanner     : At least one JAR was scanned for TLDs yet contained no TLDs. Enable debug logging for this logger for a complete list of JARs that were scanned but no TLDs were found in them. Skipping unneeded JARs during scanning can improve startup time and JSP compilation time.
2026-07-23T13:46:01.301+07:00  INFO 328569 --- [           main] b.w.c.s.WebApplicationContextInitializer : Root WebApplicationContext: initialization completed in 3315 ms
2026-07-23T13:46:01.514+07:00  INFO 328569 --- [           main] org.hibernate.orm.jpa                    : HHH008540: Processing PersistenceUnitInfo [name: default]
2026-07-23T13:46:01.568+07:00  INFO 328569 --- [           main] org.hibernate.orm.core                   : HHH000001: Hibernate ORM core version 7.2.12.Final
2026-07-23T13:46:02.177+07:00  INFO 328569 --- [           main] o.s.o.j.p.SpringPersistenceUnitInfo      : No LoadTimeWeaver setup: ignoring JPA class transformer
2026-07-23T13:46:02.210+07:00  INFO 328569 --- [           main] com.zaxxer.hikari.HikariDataSource       : HikariPool-1 - Starting...
2026-07-23T13:46:02.308+07:00  INFO 328569 --- [           main] com.zaxxer.hikari.pool.HikariPool        : HikariPool-1 - Added connection org.mariadb.jdbc.Connection@6badb08c
2026-07-23T13:46:02.310+07:00  INFO 328569 --- [           main] com.zaxxer.hikari.HikariDataSource       : HikariPool-1 - Start completed.
2026-07-23T13:46:02.368+07:00  INFO 328569 --- [           main] org.hibernate.orm.connections.pooling    : HHH10001005: Database info:
	Database JDBC URL [jdbc:mariadb://localhost/ATTENDANCE?user=root&password=***]
	Database driver: MariaDB Connector/J
	Database dialect: MariaDBDialect
	Database version: 12.3.2
	Default catalog/schema: ATTENDANCE/undefined
	Autocommit mode: undefined/unknown
	Isolation level: REPEATABLE_READ [default REPEATABLE_READ]
	JDBC fetch size: none
	Pool: DataSourceConnectionProvider
	Minimum pool size: undefined/unknown
	Maximum pool size: undefined/unknown
2026-07-23T13:46:03.365+07:00  INFO 328569 --- [           main] org.hibernate.orm.core                   : HHH000489: No JTA platform available (set 'hibernate.transaction.jta.platform' to enable JTA platform integration)
2026-07-23T13:46:03.417+07:00  INFO 328569 --- [           main] j.LocalContainerEntityManagerFactoryBean : Initialized JPA EntityManagerFactory for persistence unit 'default'
2026-07-23T13:46:03.503+07:00  INFO 328569 --- [           main] o.s.d.j.r.query.QueryEnhancerFactories   : Hibernate is in classpath; If applicable, HQL parser will be used.
2026-07-23T13:46:04.374+07:00  INFO 328569 --- [           main] eAuthenticationProviderManagerConfigurer : Global AuthenticationManager configured with AuthenticationProvider bean with name authenticationProvider
2026-07-23T13:46:04.375+07:00  WARN 328569 --- [           main] r$InitializeUserDetailsManagerConfigurer : Global AuthenticationManager configured with an AuthenticationProvider bean. UserDetailsService beans will not be used by Spring Security for automatically configuring username/password login. Consider removing the AuthenticationProvider bean. Alternatively, consider using the UserDetailsService in a manually instantiated DaoAuthenticationProvider. If the current configuration is intentional, to turn off this warning, increase the logging level of 'org.springframework.security.config.annotation.authentication.configuration.InitializeUserDetailsBeanManagerConfigurer' to ERROR
2026-07-23T13:46:04.446+07:00  WARN 328569 --- [           main] JpaBaseConfiguration$JpaWebConfiguration : spring.jpa.open-in-view is enabled by default. Therefore, database queries may be performed during view rendering. Explicitly configure spring.jpa.open-in-view to disable this warning
2026-07-23T13:46:05.166+07:00  INFO 328569 --- [           main] o.s.boot.tomcat.TomcatWebServer          : Tomcat started on port 8080 (http) with context path '/'
2026-07-23T13:46:05.182+07:00  INFO 328569 --- [           main] c.a.AttendenceSystemApplication          : Started AttendenceSystemApplication in 7.94 seconds (process running for 8.674)
2026-07-23T13:54:33.164+07:00  INFO 328569 --- [ionShutdownHook] o.s.boot.tomcat.GracefulShutdown         : Commencing graceful shutdown. Waiting for active requests to complete
2026-07-23T13:54:33.169+07:00  INFO 328569 --- [tomcat-shutdown] o.s.boot.tomcat.GracefulShutdown         : Graceful shutdown complete
2026-07-23T13:54:33.180+07:00  INFO 328569 --- [ionShutdownHook] j.LocalContainerEntityManagerFactoryBean : Closing JPA EntityManagerFactory for persistence unit 'default'
2026-07-23T13:54:33.184+07:00  INFO 328569 --- [ionShutdownHook] com.zaxxer.hikari.HikariDataSource       : HikariPool-1 - Shutdown initiated...
2026-07-23T13:54:33.210+07:00  INFO 328569 --- [ionShutdownHook] com.zaxxer.hikari.HikariDataSource       : HikariPool-1 - Shutdown completed.
